# JRE version: OpenJDK Runtime Environment Temurin-17.0.18+8 (17.0.18+8) (build 17.0.18+8)
# Java VM: OpenJDK 64-Bit Server VM Temurin-17.0.18+8 (17.0.18+8, mixed mode, sharing, tiered, compressed oops, compressed class ptrs, g1 gc, windows-amd64)
GC Precious Log:
 CPUs: 4 total, 4 available
 Memory: 16348M
 Large Page Support: Disabled
 NUMA Support: Disabled
 Compressed Oops: Enabled (Zero based)
 Heap Region Size: 2M
 Heap Min Capacity: 8M
 Heap Initial Capacity: 256M
 Heap Max Capacity: 4088M
 Pre-touch: Disabled
 Parallel Workers: 4
 Concurrent Workers: 1
 Concurrent Refinement Workers: 4
 Periodic GC: Disabled
Heap:
 garbage-first heap   total 327680K, used 199323K [0x0000000700800000, 0x0000000800000000)
  region size 2048K, 1 young (2048K), 1 survivors (2048K)
 Metaspace       used 68314K, committed 68672K, reserved 1114112K
  class space    used 7093K, committed 7296K, reserved 1048576K
GC Heap History (20 events):
Event: 36.329 GC heap after
{Heap after GC invocations=50 (full 0):
 garbage-first heap   total 239616K, used 140544K [0x0000000700800000, 0x0000000800000000)
  region size 2048K, 4 young (8192K), 4 survivors (8192K)
 Metaspace       used 56866K, committed 57280K, reserved 1114112K
  class space    used 6084K, committed 6272K, reserved 1048576K
}
Event: 37.322 GC heap before
{Heap before GC invocations=50 (full 0):
 garbage-first heap   total 239616K, used 183552K [0x0000000700800000, 0x0000000800000000)
  region size 2048K, 26 young (53248K), 4 survivors (8192K)
 Metaspace       used 56918K, committed 57280K, reserved 1114112K
  class space    used 6085K, committed 6272K, reserved 1048576K
}
Event: 37.329 GC heap after
{Heap after GC invocations=51 (full 0):
 garbage-first heap   total 239616K, used 143312K [0x0000000700800000, 0x0000000800000000)
  region size 2048K, 4 young (8192K), 4 survivors (8192K)
 Metaspace       used 56918K, committed 57280K, reserved 1114112K
  class space    used 6085K, committed 6272K, reserved 1048576K
}
Event: 39.619 GC heap before
{Heap before GC invocations=52 (full 0):
 garbage-first heap   total 270336K, used 208848K [0x0000000700800000, 0x0000000800000000)
  region size 2048K, 31 young (63488K), 4 survivors (8192K)
 Metaspace       used 56965K, committed 57344K, reserved 1114112K
  class space    used 6087K, committed 6272K, reserved 1048576K
}
Event: 39.629 GC heap after
{Heap after GC invocations=53 (full 0):
 garbage-first heap   total 270336K, used 156911K [0x0000000700800000, 0x0000000800000000)
  region size 2048K, 3 young (6144K), 3 survivors (6144K)
 Metaspace       used 56965K, committed 57344K, reserved 1114112K
  class space    used 6087K, committed 6272K, reserved 1048576K
}
Event: 40.429 GC heap before
{Heap before GC invocations=53 (full 0):
 garbage-first heap   total 270336K, used 228591K [0x0000000700800000, 0x0000000800000000)
  region size 2048K, 38 young (77824K), 3 survivors (6144K)
 Metaspace       used 57095K, committed 57472K, reserved 1114112K
  class space    used 6089K, committed 6272K, reserved 1048576K
}
Event: 40.448 GC heap after
{Heap after GC invocations=54 (full 0):
 garbage-first heap   total 270336K, used 161546K [0x0000000700800000, 0x0000000800000000)
  region size 2048K, 4 young (8192K), 4 survivors (8192K)
 Metaspace       used 57095K, committed 57472K, reserved 1114112K
  class space    used 6089K, committed 6272K, reserved 1048576K
}
Event: 41.595 GC heap before
{Heap before GC invocations=55 (full 0):
 garbage-first heap   total 296960K, used 225034K [0x0000000700800000, 0x0000000800000000)
  region size 2048K, 36 young (73728K), 4 survivors (8192K)
 Metaspace       used 57532K, committed 57856K, reserved 1114112K
  class space    used 6119K, committed 6272K, reserved 1048576K
}
Event: 41.605 GC heap after
{Heap after GC invocations=56 (full 0):
 garbage-first heap   total 296960K, used 162669K [0x0000000700800000, 0x0000000800000000)
  region size 2048K, 4 young (8192K), 4 survivors (8192K)
 Metaspace       used 57532K, committed 57856K, reserved 1114112K
  class space    used 6119K, committed 6272K, reserved 1048576K
}
Event: 42.228 GC heap before
{Heap before GC invocations=56 (full 0):
 garbage-first heap   total 296960K, used 248685K [0x0000000700800000, 0x0000000800000000)
  region size 2048K, 46 young (94208K), 4 survivors (8192K)
 Metaspace       used 57839K, committed 58176K, reserved 1114112K
  class space    used 6129K, committed 6272K, reserved 1048576K
}
Event: 42.239 GC heap after
{Heap after GC invocations=57 (full 0):
 garbage-first heap   total 296960K, used 166340K [0x0000000700800000, 0x0000000800000000)
  region size 2048K, 4 young (8192K), 4 survivors (8192K)
 Metaspace       used 57839K, committed 58176K, reserved 1114112K
  class space    used 6129K, committed 6272K, reserved 1048576K
}
Event: 42.910 GC heap before
{Heap before GC invocations=58 (full 0):
 garbage-first heap   total 325632K, used 248260K [0x0000000700800000, 0x0000000800000000)
  region size 2048K, 44 young (90112K), 4 survivors (8192K)
 Metaspace       used 58016K, committed 58368K, reserved 1114112K
  class space    used 6147K, committed 6336K, reserved 1048576K
}
Event: 42.920 GC heap after
{Heap after GC invocations=59 (full 0):
 garbage-first heap   total 325632K, used 166072K [0x0000000700800000, 0x0000000800000000)
  region size 2048K, 2 young (4096K), 2 survivors (4096K)
 Metaspace       used 58016K, committed 58368K, reserved 1114112K
  class space    used 6147K, committed 6336K, reserved 1048576K
}
Event: 43.348 GC heap before
{Heap before GC invocations=59 (full 0):
 garbage-first heap   total 325632K, used 176312K [0x0000000700800000, 0x0000000800000000)
  region size 2048K, 7 young (14336K), 2 survivors (4096K)
 Metaspace       used 58228K, committed 58624K, reserved 1114112K
  class space    used 6158K, committed 6336K, reserved 1048576K
}
Event: 43.357 GC heap after
{Heap after GC invocations=60 (full 0):
 garbage-first heap   total 325632K, used 165622K [0x0000000700800000, 0x0000000800000000)
  region size 2048K, 1 young (2048K), 1 survivors (2048K)
 Metaspace       used 58228K, committed 58624K, reserved 1114112K
  class space    used 6158K, committed 6336K, reserved 1048576K
}
Event: 46.801 GC heap before
{Heap before GC invocations=60 (full 0):
 garbage-first heap   total 325632K, used 276214K [0x0000000700800000, 0x0000000800000000)
  region size 2048K, 55 young (112640K), 1 survivors (2048K)
 Metaspace       used 66293K, committed 66688K, reserved 1114112K
  class space    used 6925K, committed 7104K, reserved 1048576K
}
Event: 46.814 GC heap after
{Heap after GC invocations=61 (full 0):
 garbage-first heap   total 325632K, used 175975K [0x0000000700800000, 0x0000000800000000)
  region size 2048K, 6 young (12288K), 6 survivors (12288K)
 Metaspace       used 66293K, committed 66688K, reserved 1114112K
  class space    used 6925K, committed 7104K, reserved 1048576K
}
Event: 48.678 GC heap before
{Heap before GC invocations=62 (full 0):
 garbage-first heap   total 327680K, used 272231K [0x0000000700800000, 0x0000000800000000)
  region size 2048K, 53 young (108544K), 6 survivors (12288K)
 Metaspace       used 68301K, committed 68672K, reserved 1114112K
  class space    used 7093K, committed 7296K, reserved 1048576K
}
Event: 48.701 GC heap after
{Heap after GC invocations=63 (full 0):
 garbage-first heap   total 327680K, used 196811K [0x0000000700800000, 0x0000000800000000)
  region size 2048K, 7 young (14336K), 7 survivors (14336K)
 Metaspace       used 68301K, committed 68672K, reserved 1114112K
  class space    used 7093K, committed 7296K, reserved 1048576K
}
Event: 48.742 GC heap before
{Heap before GC invocations=63 (full 0):
 garbage-first heap   total 327680K, used 198859K [0x0000000700800000, 0x0000000800000000)
  region size 2048K, 8 young (16384K), 7 survivors (14336K)
 Metaspace       used 68314K, committed 68672K, reserved 1114112K
  class space    used 7093K, committed 7296K, reserved 1048576K
}

