# JRE version: OpenJDK Runtime Environment Temurin-17.0.18+8 (17.0.18+8) (build 17.0.18+8)
# Java VM: OpenJDK 64-Bit Server VM Temurin-17.0.18+8 (17.0.18+8, mixed mode, sharing, tiered, compressed oops, compressed class ptrs, g1 gc, windows-amd64)
GC Precious Log:
 CPUs: 4 total, 4 available
 Memory: 16348M
 Large Page Support: Disabled
 NUMA Support: Disabled
 Compressed Oops: Enabled (Zero based)
 Heap Region Size: 2M
 Heap Min Capacity: 8M
 Heap Initial Capacity: 256M
 Heap Max Capacity: 4088M
 Pre-touch: Disabled
 Parallel Workers: 4
 Concurrent Workers: 1
 Concurrent Refinement Workers: 4
 Periodic GC: Disabled
Heap:
 garbage-first heap   total 352256K, used 202773K [0x0000000700800000, 0x0000000800000000)
  region size 2048K, 2 young (4096K), 2 survivors (4096K)
 Metaspace       used 73096K, committed 73536K, reserved 1179648K
  class space    used 7504K, committed 7680K, reserved 1048576K
GC Heap History (20 events):
Event: 33.157 GC heap after
{Heap after GC invocations=53 (full 0):
 garbage-first heap   total 253952K, used 143813K [0x0000000700800000, 0x0000000800000000)
  region size 2048K, 4 young (8192K), 4 survivors (8192K)
 Metaspace       used 56976K, committed 57344K, reserved 1114112K
  class space    used 6090K, committed 6272K, reserved 1048576K
}
Event: 35.014 GC heap before
{Heap before GC invocations=54 (full 0):
 garbage-first heap   total 274432K, used 221637K [0x0000000700800000, 0x0000000800000000)
  region size 2048K, 37 young (75776K), 4 survivors (8192K)
 Metaspace       used 57026K, committed 57408K, reserved 1114112K
  class space    used 6092K, committed 6272K, reserved 1048576K
}
Event: 35.028 GC heap after
{Heap after GC invocations=55 (full 0):
 garbage-first heap   total 274432K, used 157758K [0x0000000700800000, 0x0000000800000000)
  region size 2048K, 4 young (8192K), 4 survivors (8192K)
 Metaspace       used 57026K, committed 57408K, reserved 1114112K
  class space    used 6092K, committed 6272K, reserved 1048576K
}
Event: 35.902 GC heap before
{Heap before GC invocations=55 (full 0):
 garbage-first heap   total 274432K, used 231486K [0x0000000700800000, 0x0000000800000000)
  region size 2048K, 40 young (81920K), 4 survivors (8192K)
 Metaspace       used 57157K, committed 57536K, reserved 1114112K
  class space    used 6095K, committed 6272K, reserved 1048576K
}
Event: 35.912 GC heap after
{Heap after GC invocations=56 (full 0):
 garbage-first heap   total 274432K, used 162039K [0x0000000700800000, 0x0000000800000000)
  region size 2048K, 4 young (8192K), 4 survivors (8192K)
 Metaspace       used 57157K, committed 57536K, reserved 1114112K
  class space    used 6095K, committed 6272K, reserved 1048576K
}
Event: 36.801 GC heap before
{Heap before GC invocations=57 (full 0):
 garbage-first heap   total 305152K, used 227575K [0x0000000700800000, 0x0000000800000000)
  region size 2048K, 37 young (75776K), 4 survivors (8192K)
 Metaspace       used 57716K, committed 58048K, reserved 1114112K
  class space    used 6129K, committed 6272K, reserved 1048576K
}
Event: 36.811 GC heap after
{Heap after GC invocations=58 (full 0):
 garbage-first heap   total 305152K, used 163599K [0x0000000700800000, 0x0000000800000000)
  region size 2048K, 4 young (8192K), 4 survivors (8192K)
 Metaspace       used 57716K, committed 58048K, reserved 1114112K
  class space    used 6129K, committed 6272K, reserved 1048576K
}
Event: 36.885 GC heap before
{Heap before GC invocations=58 (full 0):
 garbage-first heap   total 305152K, used 169743K [0x0000000700800000, 0x0000000800000000)
  region size 2048K, 7 young (14336K), 4 survivors (8192K)
 Metaspace       used 57781K, committed 58112K, reserved 1114112K
  class space    used 6132K, committed 6272K, reserved 1048576K
}
Event: 36.896 GC heap after
{Heap after GC invocations=59 (full 0):
 garbage-first heap   total 305152K, used 164110K [0x0000000700800000, 0x0000000800000000)
  region size 2048K, 1 young (2048K), 1 survivors (2048K)
 Metaspace       used 57781K, committed 58112K, reserved 1114112K
  class space    used 6132K, committed 6272K, reserved 1048576K
}
Event: 37.384 GC heap before
{Heap before GC invocations=59 (full 0):
 garbage-first heap   total 305152K, used 256270K [0x0000000700800000, 0x0000000800000000)
  region size 2048K, 46 young (94208K), 1 survivors (2048K)
 Metaspace       used 57905K, committed 58304K, reserved 1114112K
  class space    used 6134K, committed 6336K, reserved 1048576K
}
Event: 37.387 GC heap after
{Heap after GC invocations=60 (full 0):
 garbage-first heap   total 305152K, used 165234K [0x0000000700800000, 0x0000000800000000)
  region size 2048K, 2 young (4096K), 2 survivors (4096K)
 Metaspace       used 57905K, committed 58304K, reserved 1114112K
  class space    used 6134K, committed 6336K, reserved 1048576K
}
Event: 38.550 GC heap before
{Heap before GC invocations=61 (full 0):
 garbage-first heap   total 352256K, used 253298K [0x0000000700800000, 0x0000000800000000)
  region size 2048K, 45 young (92160K), 2 survivors (4096K)
 Metaspace       used 62518K, committed 62848K, reserved 1114112K
  class space    used 6579K, committed 6720K, reserved 1048576K
}
Event: 38.555 GC heap after
{Heap after GC invocations=62 (full 0):
 garbage-first heap   total 352256K, used 166791K [0x0000000700800000, 0x0000000800000000)
  region size 2048K, 2 young (4096K), 2 survivors (4096K)
 Metaspace       used 62518K, committed 62848K, reserved 1114112K
  class space    used 6579K, committed 6720K, reserved 1048576K
}
Event: 38.999 GC heap before
{Heap before GC invocations=62 (full 0):
 garbage-first heap   total 352256K, used 179079K [0x0000000700800000, 0x0000000800000000)
  region size 2048K, 8 young (16384K), 2 survivors (4096K)
 Metaspace       used 64368K, committed 64768K, reserved 1114112K
  class space    used 6771K, committed 6976K, reserved 1048576K
}
Event: 39.010 GC heap after
{Heap after GC invocations=63 (full 0):
 garbage-first heap   total 352256K, used 168138K [0x0000000700800000, 0x0000000800000000)
  region size 2048K, 1 young (2048K), 1 survivors (2048K)
 Metaspace       used 64368K, committed 64768K, reserved 1114112K
  class space    used 6771K, committed 6976K, reserved 1048576K
}
Event: 41.600 GC heap before
{Heap before GC invocations=63 (full 0):
 garbage-first heap   total 352256K, used 299210K [0x0000000700800000, 0x0000000800000000)
  region size 2048K, 65 young (133120K), 1 survivors (2048K)
 Metaspace       used 67716K, committed 68096K, reserved 1114112K
  class space    used 7057K, committed 7232K, reserved 1048576K
}
Event: 41.613 GC heap after
{Heap after GC invocations=64 (full 0):
 garbage-first heap   total 352256K, used 182540K [0x0000000700800000, 0x0000000800000000)
  region size 2048K, 8 young (16384K), 8 survivors (16384K)
 Metaspace       used 67716K, committed 68096K, reserved 1114112K
  class space    used 7057K, committed 7232K, reserved 1048576K
}
Event: 43.411 GC heap before
{Heap before GC invocations=65 (full 0):
 garbage-first heap   total 352256K, used 286988K [0x0000000700800000, 0x0000000800000000)
  region size 2048K, 59 young (120832K), 8 survivors (16384K)
 Metaspace       used 72931K, committed 73344K, reserved 1179648K
  class space    used 7503K, committed 7680K, reserved 1048576K
}
Event: 43.433 GC heap after
{Heap after GC invocations=66 (full 0):
 garbage-first heap   total 352256K, used 199696K [0x0000000700800000, 0x0000000800000000)
  region size 2048K, 8 young (16384K), 8 survivors (16384K)
 Metaspace       used 72931K, committed 73344K, reserved 1179648K
  class space    used 7503K, committed 7680K, reserved 1048576K
}
Event: 43.478 GC heap before
{Heap before GC invocations=66 (full 0):
 garbage-first heap   total 352256K, used 201744K [0x0000000700800000, 0x0000000800000000)
  region size 2048K, 9 young (18432K), 8 survivors (16384K)
 Metaspace       used 73096K, committed 73536K, reserved 1179648K
  class space    used 7504K, committed 7680K, reserved 1048576K
}

