# JRE version: OpenJDK Runtime Environment Temurin-17.0.18+8 (17.0.18+8) (build 17.0.18+8)
# Java VM: OpenJDK 64-Bit Server VM Temurin-17.0.18+8 (17.0.18+8, mixed mode, sharing, tiered, compressed oops, compressed class ptrs, g1 gc, windows-amd64)
GC Precious Log:
 CPUs: 4 total, 4 available
 Memory: 16348M
 Large Page Support: Disabled
 NUMA Support: Disabled
 Compressed Oops: Enabled (32-bit)
 Heap Region Size: 1M
 Heap Min Capacity: 8M
 Heap Initial Capacity: 256M
 Heap Max Capacity: 2G
 Pre-touch: Disabled
 Parallel Workers: 4
 Concurrent Workers: 1
 Concurrent Refinement Workers: 4
 Periodic GC: Disabled
Heap:
 garbage-first heap   total 115712K, used 79475K [0x0000000080000000, 0x0000000100000000)
  region size 1024K, 13 young (13312K), 3 survivors (3072K)
 Metaspace       used 71394K, committed 72064K, reserved 1114112K
  class space    used 10268K, committed 10624K, reserved 1048576K
GC Heap History (20 events):
Event: 10.111 GC heap before
{Heap before GC invocations=17 (full 0):
 garbage-first heap   total 89088K, used 73556K [0x0000000080000000, 0x0000000100000000)
  region size 1024K, 22 young (22528K), 3 survivors (3072K)
 Metaspace       used 54817K, committed 55360K, reserved 1114112K
  class space    used 7784K, committed 8064K, reserved 1048576K
}
Event: 10.113 GC heap after
{Heap after GC invocations=18 (full 0):
 garbage-first heap   total 89088K, used 55054K [0x0000000080000000, 0x0000000100000000)
  region size 1024K, 2 young (2048K), 2 survivors (2048K)
 Metaspace       used 54817K, committed 55360K, reserved 1114112K
  class space    used 7784K, committed 8064K, reserved 1048576K
}
Event: 10.447 GC heap before
{Heap before GC invocations=19 (full 0):
 garbage-first heap   total 96256K, used 73486K [0x0000000080000000, 0x0000000100000000)
  region size 1024K, 20 young (20480K), 2 survivors (2048K)
 Metaspace       used 56366K, committed 56896K, reserved 1114112K
  class space    used 8047K, committed 8320K, reserved 1048576K
}
Event: 10.450 GC heap after
{Heap after GC invocations=20 (full 0):
 garbage-first heap   total 96256K, used 55337K [0x0000000080000000, 0x0000000100000000)
  region size 1024K, 2 young (2048K), 2 survivors (2048K)
 Metaspace       used 56366K, committed 56896K, reserved 1114112K
  class space    used 8047K, committed 8320K, reserved 1048576K
}
Event: 10.471 GC heap before
{Heap before GC invocations=20 (full 0):
 garbage-first heap   total 96256K, used 57385K [0x0000000080000000, 0x0000000100000000)
  region size 1024K, 4 young (4096K), 2 survivors (2048K)
 Metaspace       used 56486K, committed 57024K, reserved 1114112K
  class space    used 8059K, committed 8320K, reserved 1048576K
}
Event: 10.474 GC heap after
{Heap after GC invocations=21 (full 0):
 garbage-first heap   total 115712K, used 55330K [0x0000000080000000, 0x0000000100000000)
  region size 1024K, 1 young (1024K), 1 survivors (1024K)
 Metaspace       used 56486K, committed 57024K, reserved 1114112K
  class space    used 8059K, committed 8320K, reserved 1048576K
}
Event: 10.988 GC heap before
{Heap before GC invocations=21 (full 0):
 garbage-first heap   total 115712K, used 92194K [0x0000000080000000, 0x0000000100000000)
  region size 1024K, 37 young (37888K), 1 survivors (1024K)
 Metaspace       used 58974K, committed 59584K, reserved 1114112K
  class space    used 8411K, committed 8704K, reserved 1048576K
}
Event: 10.990 GC heap after
{Heap after GC invocations=22 (full 0):
 garbage-first heap   total 115712K, used 57465K [0x0000000080000000, 0x0000000100000000)
  region size 1024K, 3 young (3072K), 3 survivors (3072K)
 Metaspace       used 58974K, committed 59584K, reserved 1114112K
  class space    used 8411K, committed 8704K, reserved 1048576K
}
Event: 11.660 GC heap before
{Heap before GC invocations=23 (full 0):
 garbage-first heap   total 115712K, used 92281K [0x0000000080000000, 0x0000000100000000)
  region size 1024K, 38 young (38912K), 3 survivors (3072K)
 Metaspace       used 61381K, committed 62016K, reserved 1114112K
  class space    used 8750K, committed 9024K, reserved 1048576K
}
Event: 11.664 GC heap after
{Heap after GC invocations=24 (full 0):
 garbage-first heap   total 115712K, used 60346K [0x0000000080000000, 0x0000000100000000)
  region size 1024K, 5 young (5120K), 5 survivors (5120K)
 Metaspace       used 61381K, committed 62016K, reserved 1114112K
  class space    used 8750K, committed 9024K, reserved 1048576K
}
Event: 11.681 GC heap before
{Heap before GC invocations=24 (full 0):
 garbage-first heap   total 115712K, used 61370K [0x0000000080000000, 0x0000000100000000)
  region size 1024K, 6 young (6144K), 5 survivors (5120K)
 Metaspace       used 61462K, committed 62080K, reserved 1114112K
  class space    used 8763K, committed 9024K, reserved 1048576K
}
Event: 11.686 GC heap after
{Heap after GC invocations=25 (full 0):
 garbage-first heap   total 115712K, used 60392K [0x0000000080000000, 0x0000000100000000)
  region size 1024K, 1 young (1024K), 1 survivors (1024K)
 Metaspace       used 61462K, committed 62080K, reserved 1114112K
  class space    used 8763K, committed 9024K, reserved 1048576K
}
Event: 12.386 GC heap before
{Heap before GC invocations=25 (full 0):
 garbage-first heap   total 115712K, used 93160K [0x0000000080000000, 0x0000000100000000)
  region size 1024K, 34 young (34816K), 1 survivors (1024K)
 Metaspace       used 64252K, committed 64896K, reserved 1114112K
  class space    used 9209K, committed 9536K, reserved 1048576K
}
Event: 12.388 GC heap after
{Heap after GC invocations=26 (full 0):
 garbage-first heap   total 115712K, used 61558K [0x0000000080000000, 0x0000000100000000)
  region size 1024K, 2 young (2048K), 2 survivors (2048K)
 Metaspace       used 64252K, committed 64896K, reserved 1114112K
  class space    used 9209K, committed 9536K, reserved 1048576K
}
Event: 13.047 GC heap before
{Heap before GC invocations=27 (full 0):
 garbage-first heap   total 115712K, used 93302K [0x0000000080000000, 0x0000000100000000)
  region size 1024K, 34 young (34816K), 2 survivors (2048K)
 Metaspace       used 66513K, committed 67200K, reserved 1114112K
  class space    used 9645K, committed 9984K, reserved 1048576K
}
Event: 13.052 GC heap after
{Heap after GC invocations=28 (full 0):
 garbage-first heap   total 115712K, used 64169K [0x0000000080000000, 0x0000000100000000)
  region size 1024K, 5 young (5120K), 5 survivors (5120K)
 Metaspace       used 66513K, committed 67200K, reserved 1114112K
  class space    used 9645K, committed 9984K, reserved 1048576K
}
Event: 13.677 GC heap before
{Heap before GC invocations=28 (full 0):
 garbage-first heap   total 115712K, used 93865K [0x0000000080000000, 0x0000000100000000)
  region size 1024K, 35 young (35840K), 5 survivors (5120K)
 Metaspace       used 67665K, committed 68416K, reserved 1114112K
  class space    used 9762K, committed 10112K, reserved 1048576K
}
Event: 13.683 GC heap after
{Heap after GC invocations=29 (full 0):
 garbage-first heap   total 115712K, used 67407K [0x0000000080000000, 0x0000000100000000)
  region size 1024K, 4 young (4096K), 4 survivors (4096K)
 Metaspace       used 67665K, committed 68416K, reserved 1114112K
  class space    used 9762K, committed 10112K, reserved 1048576K
}
Event: 15.004 GC heap before
{Heap before GC invocations=29 (full 0):
 garbage-first heap   total 115712K, used 94031K [0x0000000080000000, 0x0000000100000000)
  region size 1024K, 31 young (31744K), 4 survivors (4096K)
 Metaspace       used 70453K, committed 71168K, reserved 1114112K
  class space    used 10119K, committed 10496K, reserved 1048576K
}
Event: 15.010 GC heap after
{Heap after GC invocations=30 (full 0):
 garbage-first heap   total 115712K, used 70259K [0x0000000080000000, 0x0000000100000000)
  region size 1024K, 3 young (3072K), 3 survivors (3072K)
 Metaspace       used 70453K, committed 71168K, reserved 1114112K
  class space    used 10119K, committed 10496K, reserved 1048576K
}

