# JRE version: OpenJDK Runtime Environment Temurin-17.0.18+8 (17.0.18+8) (build 17.0.18+8)
# Java VM: OpenJDK 64-Bit Server VM Temurin-17.0.18+8 (17.0.18+8, mixed mode, sharing, tiered, compressed oops, compressed class ptrs, g1 gc, windows-amd64)
GC Precious Log:
 CPUs: 4 total, 4 available
 Memory: 16348M
 Large Page Support: Disabled
 NUMA Support: Disabled
 Compressed Oops: Enabled (32-bit)
 Heap Region Size: 1M
 Heap Min Capacity: 8M
 Heap Initial Capacity: 256M
 Heap Max Capacity: 2G
 Pre-touch: Disabled
 Parallel Workers: 4
 Concurrent Workers: 1
 Concurrent Refinement Workers: 4
 Periodic GC: Disabled
Heap:
 garbage-first heap   total 91136K, used 69123K [0x0000000080000000, 0x0000000100000000)
  region size 1024K, 20 young (20480K), 3 survivors (3072K)
 Metaspace       used 54024K, committed 54656K, reserved 1114112K
  class space    used 7656K, committed 7936K, reserved 1048576K
GC Heap History (20 events):
Event: 5.125 GC heap before
{Heap before GC invocations=7 (full 0):
 garbage-first heap   total 89088K, used 68508K [0x0000000080000000, 0x0000000100000000)
  region size 1024K, 43 young (44032K), 1 survivors (1024K)
 Metaspace       used 32729K, committed 33152K, reserved 1114112K
  class space    used 4610K, committed 4800K, reserved 1048576K
}
Event: 5.128 GC heap after
{Heap after GC invocations=8 (full 0):
 garbage-first heap   total 89088K, used 30625K [0x0000000080000000, 0x0000000100000000)
  region size 1024K, 5 young (5120K), 5 survivors (5120K)
 Metaspace       used 32729K, committed 33152K, reserved 1114112K
  class space    used 4610K, committed 4800K, reserved 1048576K
}
Event: 5.530 GC heap before
{Heap before GC invocations=8 (full 0):
 garbage-first heap   total 89088K, used 68513K [0x0000000080000000, 0x0000000100000000)
  region size 1024K, 42 young (43008K), 5 survivors (5120K)
 Metaspace       used 34758K, committed 35200K, reserved 1114112K
  class space    used 4932K, committed 5120K, reserved 1048576K
}
Event: 5.534 GC heap after
{Heap after GC invocations=9 (full 0):
 garbage-first heap   total 89088K, used 31028K [0x0000000080000000, 0x0000000100000000)
  region size 1024K, 2 young (2048K), 2 survivors (2048K)
 Metaspace       used 34758K, committed 35200K, reserved 1114112K
  class space    used 4932K, committed 5120K, reserved 1048576K
}
Event: 5.704 GC heap before
{Heap before GC invocations=9 (full 0):
 garbage-first heap   total 89088K, used 38196K [0x0000000080000000, 0x0000000100000000)
  region size 1024K, 10 young (10240K), 2 survivors (2048K)
 Metaspace       used 35635K, committed 36096K, reserved 1114112K
  class space    used 5060K, committed 5248K, reserved 1048576K
}
Event: 5.706 GC heap after
{Heap after GC invocations=10 (full 0):
 garbage-first heap   total 89088K, used 31437K [0x0000000080000000, 0x0000000100000000)
  region size 1024K, 2 young (2048K), 2 survivors (2048K)
 Metaspace       used 35635K, committed 36096K, reserved 1114112K
  class space    used 5060K, committed 5248K, reserved 1048576K
}
Event: 6.219 GC heap before
{Heap before GC invocations=11 (full 0):
 garbage-first heap   total 89088K, used 71373K [0x0000000080000000, 0x0000000100000000)
  region size 1024K, 39 young (39936K), 2 survivors (2048K)
 Metaspace       used 40647K, committed 41152K, reserved 1114112K
  class space    used 5703K, committed 5952K, reserved 1048576K
}
Event: 6.222 GC heap after
{Heap after GC invocations=12 (full 0):
 garbage-first heap   total 89088K, used 32497K [0x0000000080000000, 0x0000000100000000)
  region size 1024K, 3 young (3072K), 3 survivors (3072K)
 Metaspace       used 40647K, committed 41152K, reserved 1114112K
  class space    used 5703K, committed 5952K, reserved 1048576K
}
Event: 6.231 GC heap before
{Heap before GC invocations=12 (full 0):
 garbage-first heap   total 89088K, used 33521K [0x0000000080000000, 0x0000000100000000)
  region size 1024K, 4 young (4096K), 3 survivors (3072K)
 Metaspace       used 40761K, committed 41216K, reserved 1114112K
  class space    used 5718K, committed 5952K, reserved 1048576K
}
Event: 6.234 GC heap after
{Heap after GC invocations=13 (full 0):
 garbage-first heap   total 89088K, used 32560K [0x0000000080000000, 0x0000000100000000)
  region size 1024K, 1 young (1024K), 1 survivors (1024K)
 Metaspace       used 40761K, committed 41216K, reserved 1114112K
  class space    used 5718K, committed 5952K, reserved 1048576K
}
Event: 6.798 GC heap before
{Heap before GC invocations=13 (full 0):
 garbage-first heap   total 89088K, used 70448K [0x0000000080000000, 0x0000000100000000)
  region size 1024K, 38 young (38912K), 1 survivors (1024K)
 Metaspace       used 44917K, committed 45376K, reserved 1114112K
  class space    used 6384K, committed 6592K, reserved 1048576K
}
Event: 6.800 GC heap after
{Heap after GC invocations=14 (full 0):
 garbage-first heap   total 89088K, used 33661K [0x0000000080000000, 0x0000000100000000)
  region size 1024K, 2 young (2048K), 2 survivors (2048K)
 Metaspace       used 44917K, committed 45376K, reserved 1114112K
  class space    used 6384K, committed 6592K, reserved 1048576K
}
Event: 7.394 GC heap before
{Heap before GC invocations=14 (full 0):
 garbage-first heap   total 89088K, used 71549K [0x0000000080000000, 0x0000000100000000)
  region size 1024K, 39 young (39936K), 2 survivors (2048K)
 Metaspace       used 47865K, committed 48448K, reserved 1114112K
  class space    used 6802K, committed 7104K, reserved 1048576K
}
Event: 7.397 GC heap after
{Heap after GC invocations=15 (full 0):
 garbage-first heap   total 89088K, used 35801K [0x0000000080000000, 0x0000000100000000)
  region size 1024K, 4 young (4096K), 4 survivors (4096K)
 Metaspace       used 47865K, committed 48448K, reserved 1114112K
  class space    used 6802K, committed 7104K, reserved 1048576K
}
Event: 7.884 GC heap before
{Heap before GC invocations=15 (full 0):
 garbage-first heap   total 89088K, used 69593K [0x0000000080000000, 0x0000000100000000)
  region size 1024K, 34 young (34816K), 4 survivors (4096K)
 Metaspace       used 50580K, committed 51136K, reserved 1114112K
  class space    used 7166K, committed 7424K, reserved 1048576K
}
Event: 7.888 GC heap after
{Heap after GC invocations=16 (full 0):
 garbage-first heap   total 89088K, used 42234K [0x0000000080000000, 0x0000000100000000)
  region size 1024K, 5 young (5120K), 5 survivors (5120K)
 Metaspace       used 50580K, committed 51136K, reserved 1114112K
  class space    used 7166K, committed 7424K, reserved 1048576K
}
Event: 7.912 GC heap before
{Heap before GC invocations=16 (full 0):
 garbage-first heap   total 89088K, used 46330K [0x0000000080000000, 0x0000000100000000)
  region size 1024K, 6 young (6144K), 5 survivors (5120K)
 Metaspace       used 50580K, committed 51136K, reserved 1114112K
  class space    used 7166K, committed 7424K, reserved 1048576K
}
Event: 7.915 GC heap after
{Heap after GC invocations=17 (full 0):
 garbage-first heap   total 89088K, used 47481K [0x0000000080000000, 0x0000000100000000)
  region size 1024K, 4 young (4096K), 4 survivors (4096K)
 Metaspace       used 50580K, committed 51136K, reserved 1114112K
  class space    used 7166K, committed 7424K, reserved 1048576K
}
Event: 8.277 GC heap before
{Heap before GC invocations=18 (full 0):
 garbage-first heap   total 91136K, used 71033K [0x0000000080000000, 0x0000000100000000)
  region size 1024K, 23 young (23552K), 4 survivors (4096K)
 Metaspace       used 52339K, committed 52928K, reserved 1114112K
  class space    used 7392K, committed 7680K, reserved 1048576K
}
Event: 8.279 GC heap after
{Heap after GC invocations=19 (full 0):
 garbage-first heap   total 91136K, used 52739K [0x0000000080000000, 0x0000000100000000)
  region size 1024K, 3 young (3072K), 3 survivors (3072K)
 Metaspace       used 52339K, committed 52928K, reserved 1114112K
  class space    used 7392K, committed 7680K, reserved 1048576K
}

