# JRE version: OpenJDK Runtime Environment Temurin-17.0.18+8 (17.0.18+8) (build 17.0.18+8)
# Java VM: OpenJDK 64-Bit Server VM Temurin-17.0.18+8 (17.0.18+8, mixed mode, sharing, tiered, compressed oops, compressed class ptrs, g1 gc, windows-amd64)
GC Precious Log:
 CPUs: 4 total, 4 available
 Memory: 16348M
 Large Page Support: Disabled
 NUMA Support: Disabled
 Compressed Oops: Enabled (Zero based)
 Heap Region Size: 2M
 Heap Min Capacity: 8M
 Heap Initial Capacity: 256M
 Heap Max Capacity: 4088M
 Pre-touch: Disabled
 Parallel Workers: 4
 Concurrent Workers: 1
 Concurrent Refinement Workers: 4
 Periodic GC: Disabled
Heap:
 garbage-first heap   total 237568K, used 169900K [0x0000000700800000, 0x0000000800000000)
  region size 2048K, 39 young (79872K), 6 survivors (12288K)
 Metaspace       used 56529K, committed 56960K, reserved 1114112K
  class space    used 6081K, committed 6272K, reserved 1048576K
GC Heap History (20 events):
Event: 6.559 GC heap before
{Heap before GC invocations=14 (full 0):
 garbage-first heap   total 104448K, used 73740K [0x0000000700800000, 0x0000000800000000)
  region size 2048K, 21 young (43008K), 3 survivors (6144K)
 Metaspace       used 40677K, committed 41024K, reserved 1114112K
  class space    used 4792K, committed 4992K, reserved 1048576K
}
Event: 6.572 GC heap after
{Heap after GC invocations=15 (full 0):
 garbage-first heap   total 104448K, used 42275K [0x0000000700800000, 0x0000000800000000)
  region size 2048K, 3 young (6144K), 3 survivors (6144K)
 Metaspace       used 40677K, committed 41024K, reserved 1114112K
  class space    used 4792K, committed 4992K, reserved 1048576K
}
Event: 6.793 GC heap before
{Heap before GC invocations=15 (full 0):
 garbage-first heap   total 104448K, used 75043K [0x0000000700800000, 0x0000000800000000)
  region size 2048K, 19 young (38912K), 3 survivors (6144K)
 Metaspace       used 40677K, committed 41024K, reserved 1114112K
  class space    used 4792K, committed 4992K, reserved 1048576K
}
Event: 6.800 GC heap after
{Heap after GC invocations=16 (full 0):
 garbage-first heap   total 104448K, used 44378K [0x0000000700800000, 0x0000000800000000)
  region size 2048K, 2 young (4096K), 2 survivors (4096K)
 Metaspace       used 40677K, committed 41024K, reserved 1114112K
  class space    used 4792K, committed 4992K, reserved 1048576K
}
Event: 7.007 GC heap before
{Heap before GC invocations=16 (full 0):
 garbage-first heap   total 104448K, used 75098K [0x0000000700800000, 0x0000000800000000)
  region size 2048K, 18 young (36864K), 2 survivors (4096K)
 Metaspace       used 40689K, committed 41024K, reserved 1114112K
  class space    used 4792K, committed 4992K, reserved 1048576K
}
Event: 7.011 GC heap after
{Heap after GC invocations=17 (full 0):
 garbage-first heap   total 104448K, used 45966K [0x0000000700800000, 0x0000000800000000)
  region size 2048K, 2 young (4096K), 2 survivors (4096K)
 Metaspace       used 40689K, committed 41024K, reserved 1114112K
  class space    used 4792K, committed 4992K, reserved 1048576K
}
Event: 7.065 GC heap before
{Heap before GC invocations=17 (full 0):
 garbage-first heap   total 104448K, used 78734K [0x0000000700800000, 0x0000000800000000)
  region size 2048K, 18 young (36864K), 2 survivors (4096K)
 Metaspace       used 40713K, committed 41024K, reserved 1114112K
  class space    used 4792K, committed 4992K, reserved 1048576K
}
Event: 7.071 GC heap after
{Heap after GC invocations=18 (full 0):
 garbage-first heap   total 237568K, used 50002K [0x0000000700800000, 0x0000000800000000)
  region size 2048K, 3 young (6144K), 3 survivors (6144K)
 Metaspace       used 40713K, committed 41024K, reserved 1114112K
  class space    used 4792K, committed 4992K, reserved 1048576K
}
Event: 10.936 GC heap before
{Heap before GC invocations=18 (full 0):
 garbage-first heap   total 237568K, used 170834K [0x0000000700800000, 0x0000000800000000)
  region size 2048K, 61 young (124928K), 3 survivors (6144K)
 Metaspace       used 51234K, committed 51584K, reserved 1114112K
  class space    used 5844K, committed 6016K, reserved 1048576K
}
Event: 10.950 GC heap after
{Heap after GC invocations=19 (full 0):
 garbage-first heap   total 237568K, used 65781K [0x0000000700800000, 0x0000000800000000)
  region size 2048K, 8 young (16384K), 8 survivors (16384K)
 Metaspace       used 51234K, committed 51584K, reserved 1114112K
  class space    used 5844K, committed 6016K, reserved 1048576K
}
Event: 13.427 GC heap before
{Heap before GC invocations=19 (full 0):
 garbage-first heap   total 237568K, used 164085K [0x0000000700800000, 0x0000000800000000)
  region size 2048K, 56 young (114688K), 8 survivors (16384K)
 Metaspace       used 54049K, committed 54400K, reserved 1114112K
  class space    used 5992K, committed 6144K, reserved 1048576K
}
Event: 13.450 GC heap after
{Heap after GC invocations=20 (full 0):
 garbage-first heap   total 237568K, used 77423K [0x0000000700800000, 0x0000000800000000)
  region size 2048K, 6 young (12288K), 6 survivors (12288K)
 Metaspace       used 54049K, committed 54400K, reserved 1114112K
  class space    used 5992K, committed 6144K, reserved 1048576K
}
Event: 15.175 GC heap before
{Heap before GC invocations=20 (full 0):
 garbage-first heap   total 237568K, used 171631K [0x0000000700800000, 0x0000000800000000)
  region size 2048K, 52 young (106496K), 6 survivors (12288K)
 Metaspace       used 54773K, committed 55104K, reserved 1114112K
  class space    used 6024K, committed 6208K, reserved 1048576K
}
Event: 15.190 GC heap after
{Heap after GC invocations=21 (full 0):
 garbage-first heap   total 237568K, used 85806K [0x0000000700800000, 0x0000000800000000)
  region size 2048K, 4 young (8192K), 4 survivors (8192K)
 Metaspace       used 54773K, committed 55104K, reserved 1114112K
  class space    used 6024K, committed 6208K, reserved 1048576K
}
Event: 17.359 GC heap before
{Heap before GC invocations=21 (full 0):
 garbage-first heap   total 237568K, used 180014K [0x0000000700800000, 0x0000000800000000)
  region size 2048K, 50 young (102400K), 4 survivors (8192K)
 Metaspace       used 55224K, committed 55552K, reserved 1114112K
  class space    used 6036K, committed 6208K, reserved 1048576K
}
Event: 17.370 GC heap after
{Heap after GC invocations=22 (full 0):
 garbage-first heap   total 237568K, used 91937K [0x0000000700800000, 0x0000000800000000)
  region size 2048K, 7 young (14336K), 7 survivors (14336K)
 Metaspace       used 55224K, committed 55552K, reserved 1114112K
  class space    used 6036K, committed 6208K, reserved 1048576K
}
Event: 19.310 GC heap before
{Heap before GC invocations=22 (full 0):
 garbage-first heap   total 237568K, used 186145K [0x0000000700800000, 0x0000000800000000)
  region size 2048K, 53 young (108544K), 7 survivors (14336K)
 Metaspace       used 55572K, committed 55872K, reserved 1114112K
  class space    used 6045K, committed 6208K, reserved 1048576K
}
Event: 19.324 GC heap after
{Heap after GC invocations=23 (full 0):
 garbage-first heap   total 237568K, used 98010K [0x0000000700800000, 0x0000000800000000)
  region size 2048K, 7 young (14336K), 7 survivors (14336K)
 Metaspace       used 55572K, committed 55872K, reserved 1114112K
  class space    used 6045K, committed 6208K, reserved 1048576K
}
Event: 22.772 GC heap before
{Heap before GC invocations=23 (full 0):
 garbage-first heap   total 237568K, used 188122K [0x0000000700800000, 0x0000000800000000)
  region size 2048K, 51 young (104448K), 7 survivors (14336K)
 Metaspace       used 56209K, committed 56576K, reserved 1114112K
  class space    used 6068K, committed 6208K, reserved 1048576K
}
Event: 22.790 GC heap after
{Heap after GC invocations=24 (full 0):
 garbage-first heap   total 237568K, used 104364K [0x0000000700800000, 0x0000000800000000)
  region size 2048K, 6 young (12288K), 6 survivors (12288K)
 Metaspace       used 56209K, committed 56576K, reserved 1114112K
  class space    used 6068K, committed 6208K, reserved 1048576K
}

