# JRE version: OpenJDK Runtime Environment Temurin-17.0.18+8 (17.0.18+8) (build 17.0.18+8)
# Java VM: OpenJDK 64-Bit Server VM Temurin-17.0.18+8 (17.0.18+8, mixed mode, sharing, tiered, compressed oops, compressed class ptrs, g1 gc, windows-amd64)
GC Precious Log:
 CPUs: 4 total, 4 available
 Memory: 16348M
 Large Page Support: Disabled
 NUMA Support: Disabled
 Compressed Oops: Enabled (Zero based)
 Heap Region Size: 2M
 Heap Min Capacity: 8M
 Heap Initial Capacity: 256M
 Heap Max Capacity: 4088M
 Pre-touch: Disabled
 Parallel Workers: 4
 Concurrent Workers: 1
 Concurrent Refinement Workers: 4
 Periodic GC: Disabled
Heap:
 garbage-first heap   total 163840K, used 91261K [0x0000000700800000, 0x0000000800000000)
  region size 2048K, 3 young (6144K), 3 survivors (6144K)
 Metaspace       used 54946K, committed 55296K, reserved 1114112K
  class space    used 6024K, committed 6208K, reserved 1048576K
GC Heap History (20 events):
Event: 6.428 GC heap after
{Heap after GC invocations=17 (full 0):
 garbage-first heap   total 135168K, used 51462K [0x0000000700800000, 0x0000000800000000)
  region size 2048K, 4 young (8192K), 4 survivors (8192K)
 Metaspace       used 40702K, committed 41024K, reserved 1114112K
  class space    used 4787K, committed 4992K, reserved 1048576K
}
Event: 7.784 GC heap before
{Heap before GC invocations=17 (full 0):
 garbage-first heap   total 135168K, used 102662K [0x0000000700800000, 0x0000000800000000)
  region size 2048K, 28 young (57344K), 4 survivors (8192K)
 Metaspace       used 46742K, committed 47040K, reserved 1114112K
  class space    used 5484K, committed 5632K, reserved 1048576K
}
Event: 7.795 GC heap after
{Heap after GC invocations=18 (full 0):
 garbage-first heap   total 135168K, used 60587K [0x0000000700800000, 0x0000000800000000)
  region size 2048K, 4 young (8192K), 4 survivors (8192K)
 Metaspace       used 46742K, committed 47040K, reserved 1114112K
  class space    used 5484K, committed 5632K, reserved 1048576K
}
Event: 9.120 GC heap before
{Heap before GC invocations=18 (full 0):
 garbage-first heap   total 135168K, used 103595K [0x0000000700800000, 0x0000000800000000)
  region size 2048K, 25 young (51200K), 4 survivors (8192K)
 Metaspace       used 50137K, committed 50432K, reserved 1114112K
  class space    used 5802K, committed 5952K, reserved 1048576K
}
Event: 9.132 GC heap after
{Heap after GC invocations=19 (full 0):
 garbage-first heap   total 135168K, used 66117K [0x0000000700800000, 0x0000000800000000)
  region size 2048K, 3 young (6144K), 3 survivors (6144K)
 Metaspace       used 50137K, committed 50432K, reserved 1114112K
  class space    used 5802K, committed 5952K, reserved 1048576K
}
Event: 10.572 GC heap before
{Heap before GC invocations=19 (full 0):
 garbage-first heap   total 135168K, used 105029K [0x0000000700800000, 0x0000000800000000)
  region size 2048K, 22 young (45056K), 3 survivors (6144K)
 Metaspace       used 52278K, committed 52672K, reserved 1114112K
  class space    used 5878K, committed 6080K, reserved 1048576K
}
Event: 10.582 GC heap after
{Heap after GC invocations=20 (full 0):
 garbage-first heap   total 135168K, used 70046K [0x0000000700800000, 0x0000000800000000)
  region size 2048K, 2 young (4096K), 2 survivors (4096K)
 Metaspace       used 52278K, committed 52672K, reserved 1114112K
  class space    used 5878K, committed 6080K, reserved 1048576K
}
Event: 11.432 GC heap before
{Heap before GC invocations=21 (full 0):
 garbage-first heap   total 135168K, used 106910K [0x0000000700800000, 0x0000000800000000)
  region size 2048K, 20 young (40960K), 2 survivors (4096K)
 Metaspace       used 53005K, committed 53312K, reserved 1114112K
  class space    used 5911K, committed 6080K, reserved 1048576K
}
Event: 11.442 GC heap after
{Heap after GC invocations=22 (full 0):
 garbage-first heap   total 135168K, used 74910K [0x0000000700800000, 0x0000000800000000)
  region size 2048K, 3 young (6144K), 3 survivors (6144K)
 Metaspace       used 53005K, committed 53312K, reserved 1114112K
  class space    used 5911K, committed 6080K, reserved 1048576K
}
Event: 12.411 GC heap before
{Heap before GC invocations=22 (full 0):
 garbage-first heap   total 135168K, used 105630K [0x0000000700800000, 0x0000000800000000)
  region size 2048K, 18 young (36864K), 3 survivors (6144K)
 Metaspace       used 53679K, committed 54080K, reserved 1114112K
  class space    used 5958K, committed 6144K, reserved 1048576K
}
Event: 12.418 GC heap after
{Heap after GC invocations=23 (full 0):
 garbage-first heap   total 135168K, used 79201K [0x0000000700800000, 0x0000000800000000)
  region size 2048K, 3 young (6144K), 3 survivors (6144K)
 Metaspace       used 53679K, committed 54080K, reserved 1114112K
  class space    used 5958K, committed 6144K, reserved 1048576K
}
Event: 13.478 GC heap before
{Heap before GC invocations=24 (full 0):
 garbage-first heap   total 143360K, used 107873K [0x0000000700800000, 0x0000000800000000)
  region size 2048K, 17 young (34816K), 3 survivors (6144K)
 Metaspace       used 54139K, committed 54464K, reserved 1114112K
  class space    used 5995K, committed 6144K, reserved 1048576K
}
Event: 13.484 GC heap after
{Heap after GC invocations=25 (full 0):
 garbage-first heap   total 143360K, used 81982K [0x0000000700800000, 0x0000000800000000)
  region size 2048K, 2 young (4096K), 2 survivors (4096K)
 Metaspace       used 54139K, committed 54464K, reserved 1114112K
  class space    used 5995K, committed 6144K, reserved 1048576K
}
Event: 14.751 GC heap before
{Heap before GC invocations=25 (full 0):
 garbage-first heap   total 143360K, used 114750K [0x0000000700800000, 0x0000000800000000)
  region size 2048K, 18 young (36864K), 2 survivors (4096K)
 Metaspace       used 54493K, committed 54848K, reserved 1114112K
  class space    used 6014K, committed 6208K, reserved 1048576K
}
Event: 14.757 GC heap after
{Heap after GC invocations=26 (full 0):
 garbage-first heap   total 143360K, used 84183K [0x0000000700800000, 0x0000000800000000)
  region size 2048K, 3 young (6144K), 3 survivors (6144K)
 Metaspace       used 54493K, committed 54848K, reserved 1114112K
  class space    used 6014K, committed 6208K, reserved 1048576K
}
Event: 15.965 GC heap before
{Heap before GC invocations=27 (full 0):
 garbage-first heap   total 147456K, used 116951K [0x0000000700800000, 0x0000000800000000)
  region size 2048K, 19 young (38912K), 3 survivors (6144K)
 Metaspace       used 54695K, committed 55040K, reserved 1114112K
  class space    used 6018K, committed 6208K, reserved 1048576K
}
Event: 15.971 GC heap after
{Heap after GC invocations=28 (full 0):
 garbage-first heap   total 147456K, used 86172K [0x0000000700800000, 0x0000000800000000)
  region size 2048K, 3 young (6144K), 3 survivors (6144K)
 Metaspace       used 54695K, committed 55040K, reserved 1114112K
  class space    used 6018K, committed 6208K, reserved 1048576K
}
Event: 17.335 GC heap before
{Heap before GC invocations=28 (full 0):
 garbage-first heap   total 147456K, used 118940K [0x0000000700800000, 0x0000000800000000)
  region size 2048K, 19 young (38912K), 3 survivors (6144K)
 Metaspace       used 54812K, committed 55168K, reserved 1114112K
  class space    used 6020K, committed 6208K, reserved 1048576K
}
Event: 17.342 GC heap after
{Heap after GC invocations=29 (full 0):
 garbage-first heap   total 147456K, used 88797K [0x0000000700800000, 0x0000000800000000)
  region size 2048K, 3 young (6144K), 3 survivors (6144K)
 Metaspace       used 54812K, committed 55168K, reserved 1114112K
  class space    used 6020K, committed 6208K, reserved 1048576K
}
Event: 18.299 GC heap before
{Heap before GC invocations=30 (full 0):
 garbage-first heap   total 163840K, used 119517K [0x0000000700800000, 0x0000000800000000)
  region size 2048K, 18 young (36864K), 3 survivors (6144K)
 Metaspace       used 54946K, committed 55296K, reserved 1114112K
  class space    used 6024K, committed 6208K, reserved 1048576K
}

