# JRE version: OpenJDK Runtime Environment Temurin-17.0.18+8 (17.0.18+8) (build 17.0.18+8)
# Java VM: OpenJDK 64-Bit Server VM Temurin-17.0.18+8 (17.0.18+8, mixed mode, sharing, tiered, compressed oops, compressed class ptrs, g1 gc, windows-amd64)
GC Precious Log:
 CPUs: 4 total, 4 available
 Memory: 16348M
 Large Page Support: Disabled
 NUMA Support: Disabled
 Compressed Oops: Enabled (Zero based)
 Heap Region Size: 2M
 Heap Min Capacity: 8M
 Heap Initial Capacity: 8M
 Heap Max Capacity: 4088M
 Pre-touch: Disabled
 Parallel Workers: 4
 Concurrent Workers: 1
 Concurrent Refinement Workers: 4
 Periodic GC: Disabled
Heap:
 garbage-first heap   total 28672K, used 16278K [0x0000000700800000, 0x0000000800000000)
  region size 2048K, 1 young (2048K), 1 survivors (2048K)
 Metaspace       used 2909K, committed 3136K, reserved 1114112K
  class space    used 312K, committed 448K, reserved 1048576K
GC Heap History (20 events):
Event: 1.402 GC heap after
{Heap after GC invocations=15 (full 0):
 garbage-first heap   total 14336K, used 3289K [0x0000000700800000, 0x0000000800000000)
  region size 2048K, 1 young (2048K), 1 survivors (2048K)
 Metaspace       used 2423K, committed 2560K, reserved 1114112K
  class space    used 246K, committed 320K, reserved 1048576K
}
Event: 1.454 GC heap before
{Heap before GC invocations=15 (full 0):
 garbage-first heap   total 14336K, used 7385K [0x0000000700800000, 0x0000000800000000)
  region size 2048K, 3 young (6144K), 1 survivors (2048K)
 Metaspace       used 2426K, committed 2560K, reserved 1114112K
  class space    used 247K, committed 320K, reserved 1048576K
}
Event: 1.455 GC heap after
{Heap after GC invocations=16 (full 0):
 garbage-first heap   total 14336K, used 3308K [0x0000000700800000, 0x0000000800000000)
  region size 2048K, 1 young (2048K), 1 survivors (2048K)
 Metaspace       used 2426K, committed 2560K, reserved 1114112K
  class space    used 247K, committed 320K, reserved 1048576K
}
Event: 1.542 GC heap before
{Heap before GC invocations=16 (full 0):
 garbage-first heap   total 14336K, used 7404K [0x0000000700800000, 0x0000000800000000)
  region size 2048K, 3 young (6144K), 1 survivors (2048K)
 Metaspace       used 2426K, committed 2560K, reserved 1114112K
  class space    used 247K, committed 320K, reserved 1048576K
}
Event: 1.542 GC heap after
{Heap after GC invocations=17 (full 0):
 garbage-first heap   total 14336K, used 3051K [0x0000000700800000, 0x0000000800000000)
  region size 2048K, 1 young (2048K), 1 survivors (2048K)
 Metaspace       used 2426K, committed 2560K, reserved 1114112K
  class space    used 247K, committed 320K, reserved 1048576K
}
Event: 1.610 GC heap before
{Heap before GC invocations=17 (full 0):
 garbage-first heap   total 14336K, used 7147K [0x0000000700800000, 0x0000000800000000)
  region size 2048K, 3 young (6144K), 1 survivors (2048K)
 Metaspace       used 2711K, committed 2944K, reserved 1114112K
  class space    used 283K, committed 384K, reserved 1048576K
}
Event: 1.612 GC heap after
{Heap after GC invocations=18 (full 0):
 garbage-first heap   total 14336K, used 5587K [0x0000000700800000, 0x0000000800000000)
  region size 2048K, 1 young (2048K), 1 survivors (2048K)
 Metaspace       used 2711K, committed 2944K, reserved 1114112K
  class space    used 283K, committed 384K, reserved 1048576K
}
Event: 1.627 GC heap before
{Heap before GC invocations=18 (full 0):
 garbage-first heap   total 14336K, used 7635K [0x0000000700800000, 0x0000000800000000)
  region size 2048K, 2 young (4096K), 1 survivors (2048K)
 Metaspace       used 2752K, committed 2944K, reserved 1114112K
  class space    used 287K, committed 384K, reserved 1048576K
}
Event: 1.629 GC heap after
{Heap after GC invocations=19 (full 0):
 garbage-first heap   total 14336K, used 7902K [0x0000000700800000, 0x0000000800000000)
  region size 2048K, 1 young (2048K), 1 survivors (2048K)
 Metaspace       used 2752K, committed 2944K, reserved 1114112K
  class space    used 287K, committed 384K, reserved 1048576K
}
Event: 1.636 GC heap before
{Heap before GC invocations=19 (full 0):
 garbage-first heap   total 14336K, used 7902K [0x0000000700800000, 0x0000000800000000)
  region size 2048K, 2 young (4096K), 1 survivors (2048K)
 Metaspace       used 2752K, committed 2944K, reserved 1114112K
  class space    used 287K, committed 384K, reserved 1048576K
}
Event: 1.638 GC heap after
{Heap after GC invocations=20 (full 0):
 garbage-first heap   total 22528K, used 9691K [0x0000000700800000, 0x0000000800000000)
  region size 2048K, 1 young (2048K), 1 survivors (2048K)
 Metaspace       used 2752K, committed 2944K, reserved 1114112K
  class space    used 287K, committed 384K, reserved 1048576K
}
Event: 1.651 GC heap before
{Heap before GC invocations=20 (full 0):
 garbage-first heap   total 22528K, used 11739K [0x0000000700800000, 0x0000000800000000)
  region size 2048K, 2 young (4096K), 1 survivors (2048K)
 Metaspace       used 2753K, committed 2944K, reserved 1114112K
  class space    used 287K, committed 384K, reserved 1048576K
}
Event: 1.653 GC heap after
{Heap after GC invocations=21 (full 0):
 garbage-first heap   total 22528K, used 11769K [0x0000000700800000, 0x0000000800000000)
  region size 2048K, 1 young (2048K), 1 survivors (2048K)
 Metaspace       used 2753K, committed 2944K, reserved 1114112K
  class space    used 287K, committed 384K, reserved 1048576K
}
Event: 1.679 GC heap before
{Heap before GC invocations=21 (full 0):
 garbage-first heap   total 22528K, used 11769K [0x0000000700800000, 0x0000000800000000)
  region size 2048K, 2 young (4096K), 1 survivors (2048K)
 Metaspace       used 2837K, committed 3072K, reserved 1114112K
  class space    used 298K, committed 384K, reserved 1048576K
}
Event: 1.683 GC heap after
{Heap after GC invocations=22 (full 0):
 garbage-first heap   total 22528K, used 13760K [0x0000000700800000, 0x0000000800000000)
  region size 2048K, 1 young (2048K), 1 survivors (2048K)
 Metaspace       used 2837K, committed 3072K, reserved 1114112K
  class space    used 298K, committed 384K, reserved 1048576K
}
Event: 1.713 GC heap before
{Heap before GC invocations=23 (full 0):
 garbage-first heap   total 28672K, used 15808K [0x0000000700800000, 0x0000000800000000)
  region size 2048K, 2 young (4096K), 1 survivors (2048K)
 Metaspace       used 2837K, committed 3072K, reserved 1114112K
  class space    used 298K, committed 384K, reserved 1048576K
}
Event: 1.717 GC heap after
{Heap after GC invocations=24 (full 0):
 garbage-first heap   total 28672K, used 15734K [0x0000000700800000, 0x0000000800000000)
  region size 2048K, 1 young (2048K), 1 survivors (2048K)
 Metaspace       used 2837K, committed 3072K, reserved 1114112K
  class space    used 298K, committed 384K, reserved 1048576K
}
Event: 1.742 GC heap before
{Heap before GC invocations=24 (full 0):
 garbage-first heap   total 28672K, used 15734K [0x0000000700800000, 0x0000000800000000)
  region size 2048K, 2 young (4096K), 1 survivors (2048K)
 Metaspace       used 2879K, committed 3136K, reserved 1114112K
  class space    used 308K, committed 448K, reserved 1048576K
}
Event: 1.749 GC heap after
{Heap after GC invocations=25 (full 0):
 garbage-first heap   total 28672K, used 16127K [0x0000000700800000, 0x0000000800000000)
  region size 2048K, 1 young (2048K), 1 survivors (2048K)
 Metaspace       used 2879K, committed 3136K, reserved 1114112K
  class space    used 308K, committed 448K, reserved 1048576K
}
Event: 1.762 GC heap before
{Heap before GC invocations=25 (full 0):
 garbage-first heap   total 28672K, used 18175K [0x0000000700800000, 0x0000000800000000)
  region size 2048K, 2 young (4096K), 1 survivors (2048K)
 Metaspace       used 2909K, committed 3136K, reserved 1114112K
  class space    used 312K, committed 448K, reserved 1048576K
}

