# JRE version: OpenJDK Runtime Environment Temurin-17.0.18+8 (17.0.18+8) (build 17.0.18+8)
# Java VM: OpenJDK 64-Bit Server VM Temurin-17.0.18+8 (17.0.18+8, mixed mode, sharing, tiered, compressed oops, compressed class ptrs, g1 gc, windows-amd64)
GC Precious Log:
 CPUs: 4 total, 4 available
 Memory: 16348M
 Large Page Support: Disabled
 NUMA Support: Disabled
 Compressed Oops: Enabled (Zero based)
 Heap Region Size: 2M
 Heap Min Capacity: 8M
 Heap Initial Capacity: 8M
 Heap Max Capacity: 4088M
 Pre-touch: Disabled
 Parallel Workers: 4
 Concurrent Workers: 1
 Concurrent Refinement Workers: 4
 Periodic GC: Disabled
Heap:
 garbage-first heap   total 69632K, used 24847K [0x0000000700800000, 0x0000000800000000)
  region size 2048K, 5 young (10240K), 1 survivors (2048K)
 Metaspace       used 3081K, committed 3328K, reserved 1114112K
  class space    used 313K, committed 448K, reserved 1048576K
GC Heap History (20 events):
Event: 1.083 GC heap before
{Heap before GC invocations=15 (full 0):
 garbage-first heap   total 14336K, used 5279K [0x0000000700800000, 0x0000000800000000)
  region size 2048K, 3 young (6144K), 1 survivors (2048K)
 Metaspace       used 2429K, committed 2560K, reserved 1114112K
  class space    used 246K, committed 320K, reserved 1048576K
}
Event: 1.084 GC heap after
{Heap after GC invocations=16 (full 0):
 garbage-first heap   total 14336K, used 3219K [0x0000000700800000, 0x0000000800000000)
  region size 2048K, 1 young (2048K), 1 survivors (2048K)
 Metaspace       used 2429K, committed 2560K, reserved 1114112K
  class space    used 246K, committed 320K, reserved 1048576K
}
Event: 1.128 GC heap before
{Heap before GC invocations=16 (full 0):
 garbage-first heap   total 14336K, used 7315K [0x0000000700800000, 0x0000000800000000)
  region size 2048K, 3 young (6144K), 1 survivors (2048K)
 Metaspace       used 2432K, committed 2560K, reserved 1114112K
  class space    used 247K, committed 320K, reserved 1048576K
}
Event: 1.129 GC heap after
{Heap after GC invocations=17 (full 0):
 garbage-first heap   total 14336K, used 2994K [0x0000000700800000, 0x0000000800000000)
  region size 2048K, 1 young (2048K), 1 survivors (2048K)
 Metaspace       used 2432K, committed 2560K, reserved 1114112K
  class space    used 247K, committed 320K, reserved 1048576K
}
Event: 1.243 GC heap before
{Heap before GC invocations=17 (full 0):
 garbage-first heap   total 14336K, used 7090K [0x0000000700800000, 0x0000000800000000)
  region size 2048K, 3 young (6144K), 1 survivors (2048K)
 Metaspace       used 2714K, committed 2944K, reserved 1114112K
  class space    used 283K, committed 384K, reserved 1048576K
}
Event: 1.245 GC heap after
{Heap after GC invocations=18 (full 0):
 garbage-first heap   total 14336K, used 5265K [0x0000000700800000, 0x0000000800000000)
  region size 2048K, 1 young (2048K), 1 survivors (2048K)
 Metaspace       used 2714K, committed 2944K, reserved 1114112K
  class space    used 283K, committed 384K, reserved 1048576K
}
Event: 1.254 GC heap before
{Heap before GC invocations=18 (full 0):
 garbage-first heap   total 14336K, used 5265K [0x0000000700800000, 0x0000000800000000)
  region size 2048K, 2 young (4096K), 1 survivors (2048K)
 Metaspace       used 2753K, committed 2944K, reserved 1114112K
  class space    used 287K, committed 384K, reserved 1048576K
}
Event: 1.256 GC heap after
{Heap after GC invocations=19 (full 0):
 garbage-first heap   total 18432K, used 6974K [0x0000000700800000, 0x0000000800000000)
  region size 2048K, 1 young (2048K), 1 survivors (2048K)
 Metaspace       used 2753K, committed 2944K, reserved 1114112K
  class space    used 287K, committed 384K, reserved 1048576K
}
Event: 1.259 GC heap before
{Heap before GC invocations=19 (full 0):
 garbage-first heap   total 18432K, used 9022K [0x0000000700800000, 0x0000000800000000)
  region size 2048K, 2 young (4096K), 1 survivors (2048K)
 Metaspace       used 2753K, committed 2944K, reserved 1114112K
  class space    used 287K, committed 384K, reserved 1048576K
}
Event: 1.261 GC heap after
{Heap after GC invocations=20 (full 0):
 garbage-first heap   total 18432K, used 8825K [0x0000000700800000, 0x0000000800000000)
  region size 2048K, 1 young (2048K), 1 survivors (2048K)
 Metaspace       used 2753K, committed 2944K, reserved 1114112K
  class space    used 287K, committed 384K, reserved 1048576K
}
Event: 1.264 GC heap before
{Heap before GC invocations=20 (full 0):
 garbage-first heap   total 18432K, used 8825K [0x0000000700800000, 0x0000000800000000)
  region size 2048K, 2 young (4096K), 1 survivors (2048K)
 Metaspace       used 2754K, committed 2944K, reserved 1114112K
  class space    used 287K, committed 384K, reserved 1048576K
}
Event: 1.266 GC heap after
{Heap after GC invocations=21 (full 0):
 garbage-first heap   total 18432K, used 10606K [0x0000000700800000, 0x0000000800000000)
  region size 2048K, 1 young (2048K), 1 survivors (2048K)
 Metaspace       used 2754K, committed 2944K, reserved 1114112K
  class space    used 287K, committed 384K, reserved 1048576K
}
Event: 1.292 GC heap before
{Heap before GC invocations=21 (full 0):
 garbage-first heap   total 18432K, used 10606K [0x0000000700800000, 0x0000000800000000)
  region size 2048K, 2 young (4096K), 1 survivors (2048K)
 Metaspace       used 2838K, committed 3072K, reserved 1114112K
  class space    used 298K, committed 384K, reserved 1048576K
}
Event: 1.295 GC heap after
{Heap after GC invocations=22 (full 0):
 garbage-first heap   total 18432K, used 12680K [0x0000000700800000, 0x0000000800000000)
  region size 2048K, 1 young (2048K), 1 survivors (2048K)
 Metaspace       used 2838K, committed 3072K, reserved 1114112K
  class space    used 298K, committed 384K, reserved 1048576K
}
Event: 1.309 GC heap before
{Heap before GC invocations=23 (full 0):
 garbage-first heap   total 28672K, used 14728K [0x0000000700800000, 0x0000000800000000)
  region size 2048K, 2 young (4096K), 1 survivors (2048K)
 Metaspace       used 2839K, committed 3072K, reserved 1114112K
  class space    used 298K, committed 384K, reserved 1048576K
}
Event: 1.312 GC heap after
{Heap after GC invocations=24 (full 0):
 garbage-first heap   total 28672K, used 14636K [0x0000000700800000, 0x0000000800000000)
  region size 2048K, 1 young (2048K), 1 survivors (2048K)
 Metaspace       used 2839K, committed 3072K, reserved 1114112K
  class space    used 298K, committed 384K, reserved 1048576K
}
Event: 1.327 GC heap before
{Heap before GC invocations=24 (full 0):
 garbage-first heap   total 28672K, used 14636K [0x0000000700800000, 0x0000000800000000)
  region size 2048K, 2 young (4096K), 1 survivors (2048K)
 Metaspace       used 2869K, committed 3136K, reserved 1114112K
  class space    used 307K, committed 448K, reserved 1048576K
}
Event: 1.332 GC heap after
{Heap after GC invocations=25 (full 0):
 garbage-first heap   total 86016K, used 16492K [0x0000000700800000, 0x0000000800000000)
  region size 2048K, 1 young (2048K), 1 survivors (2048K)
 Metaspace       used 2869K, committed 3136K, reserved 1114112K
  class space    used 307K, committed 448K, reserved 1048576K
}
Event: 1.594 GC heap before
{Heap before GC invocations=26 (full 0):
 garbage-first heap   total 69632K, used 32876K [0x0000000700800000, 0x0000000800000000)
  region size 2048K, 9 young (18432K), 1 survivors (2048K)
 Metaspace       used 3075K, committed 3328K, reserved 1114112K
  class space    used 313K, committed 448K, reserved 1048576K
}
Event: 1.598 GC heap after
{Heap after GC invocations=27 (full 0):
 garbage-first heap   total 69632K, used 17627K [0x0000000700800000, 0x0000000800000000)
  region size 2048K, 2 young (4096K), 2 survivors (4096K)
 Metaspace       used 3075K, committed 3328K, reserved 1114112K
  class space    used 313K, committed 448K, reserved 1048576K
}

