# JRE version: OpenJDK Runtime Environment Temurin-17.0.18+8 (17.0.18+8) (build 17.0.18+8)
# Java VM: OpenJDK 64-Bit Server VM Temurin-17.0.18+8 (17.0.18+8, mixed mode, sharing, tiered, compressed oops, compressed class ptrs, g1 gc, windows-amd64)
GC Precious Log:
 CPUs: 4 total, 4 available
 Memory: 16348M
 Large Page Support: Disabled
 NUMA Support: Disabled
 Compressed Oops: Enabled (Zero based)
 Heap Region Size: 2M
 Heap Min Capacity: 8M
 Heap Initial Capacity: 8M
 Heap Max Capacity: 4088M
 Pre-touch: Disabled
 Parallel Workers: 4
 Concurrent Workers: 1
 Concurrent Refinement Workers: 4
 Periodic GC: Disabled
Heap:
 garbage-first heap   total 20480K, used 15630K [0x0000000700800000, 0x0000000800000000)
  region size 2048K, 1 young (2048K), 1 survivors (2048K)
 Metaspace       used 2879K, committed 3136K, reserved 1114112K
  class space    used 307K, committed 448K, reserved 1048576K
GC Heap History (20 events):
Event: 2.300 GC heap after
{Heap after GC invocations=16 (full 0):
 garbage-first heap   total 14336K, used 2794K [0x0000000700800000, 0x0000000800000000)
  region size 2048K, 1 young (2048K), 1 survivors (2048K)
 Metaspace       used 2436K, committed 2560K, reserved 1114112K
  class space    used 246K, committed 320K, reserved 1048576K
}
Event: 2.353 GC heap before
{Heap before GC invocations=16 (full 0):
 garbage-first heap   total 14336K, used 6890K [0x0000000700800000, 0x0000000800000000)
  region size 2048K, 3 young (6144K), 1 survivors (2048K)
 Metaspace       used 2436K, committed 2560K, reserved 1114112K
  class space    used 246K, committed 320K, reserved 1048576K
}
Event: 2.353 GC heap after
{Heap after GC invocations=17 (full 0):
 garbage-first heap   total 14336K, used 2794K [0x0000000700800000, 0x0000000800000000)
  region size 2048K, 1 young (2048K), 1 survivors (2048K)
 Metaspace       used 2436K, committed 2560K, reserved 1114112K
  class space    used 246K, committed 320K, reserved 1048576K
}
Event: 2.399 GC heap before
{Heap before GC invocations=17 (full 0):
 garbage-first heap   total 14336K, used 6890K [0x0000000700800000, 0x0000000800000000)
  region size 2048K, 3 young (6144K), 1 survivors (2048K)
 Metaspace       used 2436K, committed 2560K, reserved 1114112K
  class space    used 246K, committed 320K, reserved 1048576K
}
Event: 2.399 GC heap after
{Heap after GC invocations=18 (full 0):
 garbage-first heap   total 14336K, used 2794K [0x0000000700800000, 0x0000000800000000)
  region size 2048K, 1 young (2048K), 1 survivors (2048K)
 Metaspace       used 2436K, committed 2560K, reserved 1114112K
  class space    used 246K, committed 320K, reserved 1048576K
}
Event: 2.462 GC heap before
{Heap before GC invocations=18 (full 0):
 garbage-first heap   total 14336K, used 6890K [0x0000000700800000, 0x0000000800000000)
  region size 2048K, 3 young (6144K), 1 survivors (2048K)
 Metaspace       used 2436K, committed 2560K, reserved 1114112K
  class space    used 246K, committed 320K, reserved 1048576K
}
Event: 2.463 GC heap after
{Heap after GC invocations=19 (full 0):
 garbage-first heap   total 14336K, used 2794K [0x0000000700800000, 0x0000000800000000)
  region size 2048K, 1 young (2048K), 1 survivors (2048K)
 Metaspace       used 2436K, committed 2560K, reserved 1114112K
  class space    used 246K, committed 320K, reserved 1048576K
}
Event: 2.549 GC heap before
{Heap before GC invocations=19 (full 0):
 garbage-first heap   total 14336K, used 4842K [0x0000000700800000, 0x0000000800000000)
  region size 2048K, 3 young (6144K), 1 survivors (2048K)
 Metaspace       used 2633K, committed 2752K, reserved 1114112K
  class space    used 272K, committed 320K, reserved 1048576K
}
Event: 2.550 GC heap after
{Heap after GC invocations=20 (full 0):
 garbage-first heap   total 14336K, used 2842K [0x0000000700800000, 0x0000000800000000)
  region size 2048K, 1 young (2048K), 1 survivors (2048K)
 Metaspace       used 2633K, committed 2752K, reserved 1114112K
  class space    used 272K, committed 320K, reserved 1048576K
}
Event: 2.606 GC heap before
{Heap before GC invocations=20 (full 0):
 garbage-first heap   total 14336K, used 6938K [0x0000000700800000, 0x0000000800000000)
  region size 2048K, 3 young (6144K), 1 survivors (2048K)
 Metaspace       used 2764K, committed 2944K, reserved 1114112K
  class space    used 287K, committed 384K, reserved 1048576K
}
Event: 2.609 GC heap after
{Heap after GC invocations=21 (full 0):
 garbage-first heap   total 14336K, used 6156K [0x0000000700800000, 0x0000000800000000)
  region size 2048K, 1 young (2048K), 1 survivors (2048K)
 Metaspace       used 2764K, committed 2944K, reserved 1114112K
  class space    used 287K, committed 384K, reserved 1048576K
}
Event: 2.617 GC heap before
{Heap before GC invocations=21 (full 0):
 garbage-first heap   total 14336K, used 6156K [0x0000000700800000, 0x0000000800000000)
  region size 2048K, 2 young (4096K), 1 survivors (2048K)
 Metaspace       used 2764K, committed 2944K, reserved 1114112K
  class space    used 287K, committed 384K, reserved 1048576K
}
Event: 2.619 GC heap after
{Heap after GC invocations=22 (full 0):
 garbage-first heap   total 14336K, used 8204K [0x0000000700800000, 0x0000000800000000)
  region size 2048K, 1 young (2048K), 1 survivors (2048K)
 Metaspace       used 2764K, committed 2944K, reserved 1114112K
  class space    used 287K, committed 384K, reserved 1048576K
}
Event: 2.624 GC heap before
{Heap before GC invocations=22 (full 0):
 garbage-first heap   total 14336K, used 8204K [0x0000000700800000, 0x0000000800000000)
  region size 2048K, 2 young (4096K), 1 survivors (2048K)
 Metaspace       used 2765K, committed 2944K, reserved 1114112K
  class space    used 287K, committed 384K, reserved 1048576K
}
Event: 2.626 GC heap after
{Heap after GC invocations=23 (full 0):
 garbage-first heap   total 14336K, used 9925K [0x0000000700800000, 0x0000000800000000)
  region size 2048K, 1 young (2048K), 1 survivors (2048K)
 Metaspace       used 2765K, committed 2944K, reserved 1114112K
  class space    used 287K, committed 384K, reserved 1048576K
}
Event: 2.652 GC heap before
{Heap before GC invocations=24 (full 0):
 garbage-first heap   total 20480K, used 9925K [0x0000000700800000, 0x0000000800000000)
  region size 2048K, 2 young (4096K), 1 survivors (2048K)
 Metaspace       used 2832K, committed 3008K, reserved 1114112K
  class space    used 298K, committed 384K, reserved 1048576K
}
Event: 2.655 GC heap after
{Heap after GC invocations=25 (full 0):
 garbage-first heap   total 20480K, used 11948K [0x0000000700800000, 0x0000000800000000)
  region size 2048K, 1 young (2048K), 1 survivors (2048K)
 Metaspace       used 2832K, committed 3008K, reserved 1114112K
  class space    used 298K, committed 384K, reserved 1048576K
}
Event: 2.670 GC heap before
{Heap before GC invocations=25 (full 0):
 garbage-first heap   total 20480K, used 11948K [0x0000000700800000, 0x0000000800000000)
  region size 2048K, 2 young (4096K), 1 survivors (2048K)
 Metaspace       used 2832K, committed 3008K, reserved 1114112K
  class space    used 298K, committed 384K, reserved 1048576K
}
Event: 2.674 GC heap after
{Heap after GC invocations=26 (full 0):
 garbage-first heap   total 20480K, used 13388K [0x0000000700800000, 0x0000000800000000)
  region size 2048K, 1 young (2048K), 1 survivors (2048K)
 Metaspace       used 2832K, committed 3008K, reserved 1114112K
  class space    used 298K, committed 384K, reserved 1048576K
}
Event: 2.707 GC heap before
{Heap before GC invocations=26 (full 0):
 garbage-first heap   total 20480K, used 13388K [0x0000000700800000, 0x0000000800000000)
  region size 2048K, 2 young (4096K), 1 survivors (2048K)
 Metaspace       used 2879K, committed 3136K, reserved 1114112K
  class space    used 307K, committed 448K, reserved 1048576K
}

